c:\users\freya\desktop\ray tracer\hermesraytracer\mcg_gfx_framework\release\vc141.pdb
c:\users\freya\desktop\ray tracer\hermesraytracer\mcg_gfx_framework\release\timer.obj
c:\users\freya\desktop\ray tracer\hermesraytracer\mcg_gfx_framework\release\threadpool.obj
c:\users\freya\desktop\ray tracer\hermesraytracer\mcg_gfx_framework\release\sphere.obj
c:\users\freya\desktop\ray tracer\hermesraytracer\mcg_gfx_framework\release\raytracer.obj
c:\users\freya\desktop\ray tracer\hermesraytracer\mcg_gfx_framework\release\ray.obj
c:\users\freya\desktop\ray tracer\hermesraytracer\mcg_gfx_framework\release\plane.obj
c:\users\freya\desktop\ray tracer\hermesraytracer\mcg_gfx_framework\release\object.obj
c:\users\freya\desktop\ray tracer\hermesraytracer\mcg_gfx_framework\release\mcg_gfx_lib.obj
c:\users\freya\desktop\ray tracer\hermesraytracer\mcg_gfx_framework\release\material.obj
c:\users\freya\desktop\ray tracer\hermesraytracer\mcg_gfx_framework\release\main.obj
c:\users\freya\desktop\ray tracer\hermesraytracer\mcg_gfx_framework\release\light.obj
c:\users\freya\desktop\ray tracer\hermesraytracer\mcg_gfx_framework\release\directionallight.obj
c:\users\freya\desktop\ray tracer\hermesraytracer\mcg_gfx_framework\release\collision.obj
c:\users\freya\desktop\ray tracer\hermesraytracer\mcg_gfx_framework\release\camera.obj
c:\users\s4921584\temp\hermesraytracer\release\mcg_gfx_framework.exe
c:\users\s4921584\temp\hermesraytracer\release\mcg_gfx_framework.pdb
c:\users\freya\desktop\ray tracer\hermesraytracer\release\mcg_gfx_framework.exe
c:\users\freya\desktop\ray tracer\hermesraytracer\release\mcg_gfx_framework.pdb
c:\users\s4921584\temp\hermesraytracer\release\mcg_gfx_framework.ipdb
c:\users\s4921584\temp\hermesraytracer\release\mcg_gfx_framework.iobj
c:\users\freya\desktop\ray tracer\hermesraytracer\release\mcg_gfx_framework.ipdb
c:\users\freya\desktop\ray tracer\hermesraytracer\release\mcg_gfx_framework.iobj
c:\users\s4921584\hermesraytracer\mcg_gfx_framework\release\camera.obj
c:\users\s4921584\hermesraytracer\mcg_gfx_framework\release\collision.obj
c:\users\s4921584\hermesraytracer\mcg_gfx_framework\release\directionallight.obj
c:\users\s4921584\hermesraytracer\mcg_gfx_framework\release\light.obj
c:\users\s4921584\hermesraytracer\mcg_gfx_framework\release\main.obj
c:\users\s4921584\hermesraytracer\mcg_gfx_framework\release\material.obj
c:\users\s4921584\hermesraytracer\mcg_gfx_framework\release\mcg_gfx_lib.obj
c:\users\s4921584\hermesraytracer\mcg_gfx_framework\release\object.obj
c:\users\s4921584\hermesraytracer\mcg_gfx_framework\release\plane.obj
c:\users\s4921584\hermesraytracer\mcg_gfx_framework\release\ray.obj
c:\users\s4921584\hermesraytracer\mcg_gfx_framework\release\raytracer.obj
c:\users\s4921584\hermesraytracer\mcg_gfx_framework\release\sphere.obj
c:\users\s4921584\hermesraytracer\mcg_gfx_framework\release\threadpool.obj
c:\users\s4921584\hermesraytracer\mcg_gfx_framework\release\timer.obj
c:\users\s4921584\hermesraytracer\mcg_gfx_framework\release\vc141.pdb
c:\users\s4921584\hermesraytracer\mcg_gfx_framework\release\mcg_gfx_.edae6090.tlog\cl.command.1.tlog
c:\users\s4921584\hermesraytracer\mcg_gfx_framework\release\mcg_gfx_.edae6090.tlog\cl.read.1.tlog
c:\users\s4921584\hermesraytracer\mcg_gfx_framework\release\mcg_gfx_.edae6090.tlog\cl.write.1.tlog
c:\users\s4921584\hermesraytracer\mcg_gfx_framework\release\mcg_gfx_.edae6090.tlog\link.command.1.tlog
c:\users\s4921584\hermesraytracer\mcg_gfx_framework\release\mcg_gfx_.edae6090.tlog\link.read.1.tlog
c:\users\s4921584\hermesraytracer\mcg_gfx_framework\release\mcg_gfx_.edae6090.tlog\link.write.1.tlog
c:\users\s4921584\hermesraytracer\mcg_gfx_framework\release\mcg_gfx_.edae6090.tlog\mcg_gfx_framework.write.1u.tlog
