\\bournemouth.ac.uk\data\student\home\scitech\s4921584\graphics_computational\pgg_lab3_v1\mcg_gfx_framework\debug\vc141.pdb
\\bournemouth.ac.uk\data\student\home\scitech\s4921584\graphics_computational\pgg_lab3_v1\mcg_gfx_framework\debug\vc141.idb
\\bournemouth.ac.uk\data\student\home\scitech\s4921584\graphics_computational\pgg_lab3_v1\mcg_gfx_framework\debug\mcg_gfx_lib.obj
\\bournemouth.ac.uk\data\student\home\scitech\s4921584\graphics_computational\pgg_lab3_v1\mcg_gfx_framework\debug\main.obj
c:\users\s4921584\temp\hermesraytracer\mcg_gfx_framework\debug\vc141.pdb
c:\users\s4921584\temp\hermesraytracer\mcg_gfx_framework\debug\vc141.idb
c:\users\s4921584\temp\hermesraytracer\mcg_gfx_framework\debug\raytracer.obj
c:\users\s4921584\temp\hermesraytracer\mcg_gfx_framework\debug\ray.obj
c:\users\s4921584\temp\hermesraytracer\mcg_gfx_framework\debug\mcg_gfx_lib.obj
c:\users\s4921584\temp\hermesraytracer\mcg_gfx_framework\debug\main.obj
c:\users\s4921584\temp\hermesraytracer\mcg_gfx_framework\debug\camera.obj
c:\users\s4921584\temp\hermesraytracer\mcg_gfx_framework\debug\sphere.obj
\\bournemouth.ac.uk\data\student\home\scitech\s4921584\graphics_computational\pgg_lab3_v1\debug\mcg_gfx_framework.ilk
\\bournemouth.ac.uk\data\student\home\scitech\s4921584\graphics_computational\pgg_lab3_v1\debug\mcg_gfx_framework.exe
\\bournemouth.ac.uk\data\student\home\scitech\s4921584\graphics_computational\pgg_lab3_v1\debug\mcg_gfx_framework.pdb
c:\users\s4921584\temp\hermesraytracer\debug\mcg_gfx_framework.ilk
c:\users\s4921584\temp\hermesraytracer\debug\mcg_gfx_framework.exe
c:\users\s4921584\temp\hermesraytracer\debug\mcg_gfx_framework.pdb
c:\users\s4921584\temp\hermesraytracer\mcg_gfx_framework\debug\vc140.idb
c:\users\s4921584\temp\hermesraytracer\mcg_gfx_framework\debug\vc140.pdb
c:\users\s4921584\temp\hermesraytracer\mcg_gfx_framework\debug\mcg_gfx_.edae6090.tlog\cl.command.1.tlog
c:\users\s4921584\temp\hermesraytracer\mcg_gfx_framework\debug\mcg_gfx_.edae6090.tlog\cl.read.1.tlog
c:\users\s4921584\temp\hermesraytracer\mcg_gfx_framework\debug\mcg_gfx_.edae6090.tlog\cl.write.1.tlog
c:\users\s4921584\temp\hermesraytracer\mcg_gfx_framework\debug\mcg_gfx_.edae6090.tlog\link.command.1.tlog
c:\users\s4921584\temp\hermesraytracer\mcg_gfx_framework\debug\mcg_gfx_.edae6090.tlog\link.delete.1.tlog
c:\users\s4921584\temp\hermesraytracer\mcg_gfx_framework\debug\mcg_gfx_.edae6090.tlog\link.read.1.tlog
c:\users\s4921584\temp\hermesraytracer\mcg_gfx_framework\debug\mcg_gfx_.edae6090.tlog\link.write.1.tlog
